2014/02/20 17:48:28 [error] [exception.CHttpException.404] exception 'CHttpException' with message 'Unable to resolve the request "gii".' in D:\Public_html\yii1.1\framework\web\CWebApplication.php:286
Stack trace:
#0 D:\Public_html\yii1.1\framework\web\CWebApplication.php(141): CWebApplication->runController('gii')
#1 D:\Public_html\yii1.1\framework\base\CApplication.php(180): CWebApplication->processRequest()
#2 D:\Public_html\yiiroot\index.php(13): CApplication->run()
#3 {main}
REQUEST_URI=/yiiroot/index.php?r=gii
---
2014/02/24 11:40:44 [error] [exception.CHttpException.404] exception 'CHttpException' with message 'The system is unable to find the requested action "myprofile".' in D:\Public_html\yii1.1\framework\web\CController.php:483
Stack trace:
#0 D:\Public_html\yii1.1\framework\web\CController.php(270): CController->missingAction('myprofile')
#1 D:\Public_html\yii1.1\framework\web\CWebApplication.php(282): CController->run('myprofile')
#2 D:\Public_html\yii1.1\framework\web\CWebApplication.php(141): CWebApplication->runController('site/myprofile/...')
#3 D:\Public_html\yii1.1\framework\base\CApplication.php(180): CWebApplication->processRequest()
#4 D:\Public_html\yiiroot\index.php(13): CApplication->run()
#5 {main}
REQUEST_URI=/yiiroot/index.php?r=site/myprofile/demo
HTTP_REFERER=http://localhost/yiiroot/index.php
---
2014/02/24 11:41:02 [error] [exception.CHttpException.404] exception 'CHttpException' with message 'The system is unable to find the requested action "myprofile".' in D:\Public_html\yii1.1\framework\web\CController.php:483
Stack trace:
#0 D:\Public_html\yii1.1\framework\web\CController.php(270): CController->missingAction('myprofile')
#1 D:\Public_html\yii1.1\framework\web\CWebApplication.php(282): CController->run('myprofile')
#2 D:\Public_html\yii1.1\framework\web\CWebApplication.php(141): CWebApplication->runController('site/myprofile/...')
#3 D:\Public_html\yii1.1\framework\base\CApplication.php(180): CWebApplication->processRequest()
#4 D:\Public_html\yiiroot\index.php(13): CApplication->run()
#5 {main}
REQUEST_URI=/yiiroot/index.php?r=site/myprofile/demo
HTTP_REFERER=http://localhost/yiiroot/index.php
---
2014/02/24 11:41:06 [error] [exception.CException] exception 'CException' with message 'Property "CWebUser._id" is not defined.' in D:\Public_html\yii1.1\framework\base\CComponent.php:130
Stack trace:
#0 D:\Public_html\yii1.1\framework\web\auth\CWebUser.php(146): CComponent->__get('_id')
#1 D:\Public_html\yiiroot\protected\views\layouts\main.php(37): CWebUser->__get('_id')
#2 D:\Public_html\yii1.1\framework\web\CBaseController.php(126): require('D:\Public_html\...')
#3 D:\Public_html\yii1.1\framework\web\CBaseController.php(95): CBaseController->renderInternal('D:\Public_html\...', Array, true)
#4 D:\Public_html\yii1.1\framework\web\widgets\CContentDecorator.php(76): CBaseController->renderFile('D:\Public_html\...', Array, true)
#5 D:\Public_html\yii1.1\framework\web\widgets\CContentDecorator.php(54): CContentDecorator->decorate('<div class="spa...')
#6 D:\Public_html\yii1.1\framework\web\widgets\COutputProcessor.php(44): CContentDecorator->processOutput('<div class="spa...')
#7 D:\Public_html\yii1.1\framework\web\CBaseController.php(206): COutputProcessor->run()
#8 D:\Public_html\yii1.1\framework\web\CBaseController.php(300): CBaseController->endWidget('CContentDecorat...')
#9 D:\Public_html\yiiroot\protected\views\layouts\column2.php(22): CBaseController->endContent()
#10 D:\Public_html\yii1.1\framework\web\CBaseController.php(126): require('D:\Public_html\...')
#11 D:\Public_html\yii1.1\framework\web\CBaseController.php(95): CBaseController->renderInternal('D:\Public_html\...', Array, true)
#12 D:\Public_html\yii1.1\framework\web\CController.php(784): CBaseController->renderFile('D:\Public_html\...', Array, true)
#13 D:\Public_html\yiiroot\protected\controllers\SiteController.php(33): CController->render('index')
#14 D:\Public_html\yii1.1\framework\web\actions\CInlineAction.php(49): SiteController->actionIndex()
#15 D:\Public_html\yii1.1\framework\web\CController.php(308): CInlineAction->runWithParams(Array)
#16 D:\Public_html\yii1.1\framework\web\CController.php(286): CController->runAction(Object(CInlineAction))
#17 D:\Public_html\yii1.1\framework\web\CController.php(265): CController->runActionWithFilters(Object(CInlineAction), Array)
#18 D:\Public_html\yii1.1\framework\web\CWebApplication.php(282): CController->run('')
#19 D:\Public_html\yii1.1\framework\web\CWebApplication.php(141): CWebApplication->runController('')
#20 D:\Public_html\yii1.1\framework\base\CApplication.php(180): CWebApplication->processRequest()
#21 D:\Public_html\yiiroot\index.php(13): CApplication->run()
#22 {main}
REQUEST_URI=/yiiroot/index.php
HTTP_REFERER=http://localhost/yiiroot/index.php?r=site/login
---
2014/02/24 11:41:10 [error] [exception.CException] exception 'CException' with message 'Property "CWebUser._id" is not defined.' in D:\Public_html\yii1.1\framework\base\CComponent.php:130
Stack trace:
#0 D:\Public_html\yii1.1\framework\web\auth\CWebUser.php(146): CComponent->__get('_id')
#1 D:\Public_html\yiiroot\protected\views\layouts\main.php(37): CWebUser->__get('_id')
#2 D:\Public_html\yii1.1\framework\web\CBaseController.php(126): require('D:\Public_html\...')
#3 D:\Public_html\yii1.1\framework\web\CBaseController.php(95): CBaseController->renderInternal('D:\Public_html\...', Array, true)
#4 D:\Public_html\yii1.1\framework\web\widgets\CContentDecorator.php(76): CBaseController->renderFile('D:\Public_html\...', Array, true)
#5 D:\Public_html\yii1.1\framework\web\widgets\CContentDecorator.php(54): CContentDecorator->decorate('<div class="spa...')
#6 D:\Public_html\yii1.1\framework\web\widgets\COutputProcessor.php(44): CContentDecorator->processOutput('<div class="spa...')
#7 D:\Public_html\yii1.1\framework\web\CBaseController.php(206): COutputProcessor->run()
#8 D:\Public_html\yii1.1\framework\web\CBaseController.php(300): CBaseController->endWidget('CContentDecorat...')
#9 D:\Public_html\yiiroot\protected\views\layouts\column2.php(22): CBaseController->endContent()
#10 D:\Public_html\yii1.1\framework\web\CBaseController.php(126): require('D:\Public_html\...')
#11 D:\Public_html\yii1.1\framework\web\CBaseController.php(95): CBaseController->renderInternal('D:\Public_html\...', Array, true)
#12 D:\Public_html\yii1.1\framework\web\CController.php(784): CBaseController->renderFile('D:\Public_html\...', Array, true)
#13 D:\Public_html\yiiroot\protected\controllers\SiteController.php(33): CController->render('index')
#14 D:\Public_html\yii1.1\framework\web\actions\CInlineAction.php(49): SiteController->actionIndex()
#15 D:\Public_html\yii1.1\framework\web\CController.php(308): CInlineAction->runWithParams(Array)
#16 D:\Public_html\yii1.1\framework\web\CController.php(286): CController->runAction(Object(CInlineAction))
#17 D:\Public_html\yii1.1\framework\web\CController.php(265): CController->runActionWithFilters(Object(CInlineAction), Array)
#18 D:\Public_html\yii1.1\framework\web\CWebApplication.php(282): CController->run('')
#19 D:\Public_html\yii1.1\framework\web\CWebApplication.php(141): CWebApplication->runController('')
#20 D:\Public_html\yii1.1\framework\base\CApplication.php(180): CWebApplication->processRequest()
#21 D:\Public_html\yiiroot\index.php(13): CApplication->run()
#22 {main}
REQUEST_URI=/yiiroot/index.php
---
2014/02/24 11:41:56 [error] [exception.CException] exception 'CException' with message 'Property "CWebUser.username" is not defined.' in D:\Public_html\yii1.1\framework\base\CComponent.php:130
Stack trace:
#0 D:\Public_html\yii1.1\framework\web\auth\CWebUser.php(146): CComponent->__get('username')
#1 D:\Public_html\yiiroot\protected\views\layouts\main.php(37): CWebUser->__get('username')
#2 D:\Public_html\yii1.1\framework\web\CBaseController.php(126): require('D:\Public_html\...')
#3 D:\Public_html\yii1.1\framework\web\CBaseController.php(95): CBaseController->renderInternal('D:\Public_html\...', Array, true)
#4 D:\Public_html\yii1.1\framework\web\widgets\CContentDecorator.php(76): CBaseController->renderFile('D:\Public_html\...', Array, true)
#5 D:\Public_html\yii1.1\framework\web\widgets\CContentDecorator.php(54): CContentDecorator->decorate('<div class="spa...')
#6 D:\Public_html\yii1.1\framework\web\widgets\COutputProcessor.php(44): CContentDecorator->processOutput('<div class="spa...')
#7 D:\Public_html\yii1.1\framework\web\CBaseController.php(206): COutputProcessor->run()
#8 D:\Public_html\yii1.1\framework\web\CBaseController.php(300): CBaseController->endWidget('CContentDecorat...')
#9 D:\Public_html\yiiroot\protected\views\layouts\column2.php(22): CBaseController->endContent()
#10 D:\Public_html\yii1.1\framework\web\CBaseController.php(126): require('D:\Public_html\...')
#11 D:\Public_html\yii1.1\framework\web\CBaseController.php(95): CBaseController->renderInternal('D:\Public_html\...', Array, true)
#12 D:\Public_html\yii1.1\framework\web\CController.php(784): CBaseController->renderFile('D:\Public_html\...', Array, true)
#13 D:\Public_html\yiiroot\protected\controllers\SiteController.php(33): CController->render('index')
#14 D:\Public_html\yii1.1\framework\web\actions\CInlineAction.php(49): SiteController->actionIndex()
#15 D:\Public_html\yii1.1\framework\web\CController.php(308): CInlineAction->runWithParams(Array)
#16 D:\Public_html\yii1.1\framework\web\CController.php(286): CController->runAction(Object(CInlineAction))
#17 D:\Public_html\yii1.1\framework\web\CController.php(265): CController->runActionWithFilters(Object(CInlineAction), Array)
#18 D:\Public_html\yii1.1\framework\web\CWebApplication.php(282): CController->run('')
#19 D:\Public_html\yii1.1\framework\web\CWebApplication.php(141): CWebApplication->runController('')
#20 D:\Public_html\yii1.1\framework\base\CApplication.php(180): CWebApplication->processRequest()
#21 D:\Public_html\yiiroot\index.php(13): CApplication->run()
#22 {main}
REQUEST_URI=/yiiroot/index.php
---
2014/02/24 12:20:26 [error] [exception.CHttpException.404] exception 'CHttpException' with message 'The system is unable to find the requested action "myprofile".' in D:\Public_html\yii1.1\framework\web\CController.php:483
Stack trace:
#0 D:\Public_html\yii1.1\framework\web\CController.php(270): CController->missingAction('myprofile')
#1 D:\Public_html\yii1.1\framework\web\CWebApplication.php(282): CController->run('myprofile')
#2 D:\Public_html\yii1.1\framework\web\CWebApplication.php(141): CWebApplication->runController('site/myprofile')
#3 D:\Public_html\yii1.1\framework\base\CApplication.php(180): CWebApplication->processRequest()
#4 D:\Public_html\yiiroot\index.php(13): CApplication->run()
#5 {main}
REQUEST_URI=/yiiroot/index.php?r=site/myprofile
HTTP_REFERER=http://localhost/yiiroot/
---
2014/05/20 06:07:18 [error] [exception.CHttpException.403] exception 'CHttpException' with message 'You are not authorized to perform this action.' in D:\Public_html\yii-1.1.14\framework\web\auth\CAccessControlFilter.php:182
Stack trace:
#0 D:\Public_html\yii-1.1.14\framework\web\auth\CAccessControlFilter.php(145): CAccessControlFilter->accessDenied(Object(CWebUser), 'You are not aut...')
#1 D:\Public_html\yii-1.1.14\framework\web\filters\CFilter.php(38): CAccessControlFilter->preFilter(Object(CFilterChain))
#2 D:\Public_html\yii-1.1.14\framework\web\CController.php(1145): CFilter->filter(Object(CFilterChain))
#3 D:\Public_html\yii-1.1.14\framework\web\filters\CInlineFilter.php(58): CController->filterAccessControl(Object(CFilterChain))
#4 D:\Public_html\yii-1.1.14\framework\web\filters\CFilterChain.php(130): CInlineFilter->filter(Object(CFilterChain))
#5 D:\Public_html\yii-1.1.14\framework\web\CController.php(291): CFilterChain->run()
#6 D:\Public_html\yii-1.1.14\framework\web\CController.php(265): CController->runActionWithFilters(Object(CInlineAction), Array)
#7 D:\Public_html\yii-1.1.14\framework\web\CWebApplication.php(282): CController->run('admin')
#8 D:\Public_html\yii-1.1.14\framework\web\CWebApplication.php(141): CWebApplication->runController('user/admin')
#9 D:\Public_html\yii-1.1.14\framework\base\CApplication.php(180): CWebApplication->processRequest()
#10 D:\Public_html\yiiroot\index.php(13): CApplication->run()
#11 {main}
REQUEST_URI=/yiiroot/index.php/user/admin
HTTP_REFERER=http://localhost/yiiroot/index.php/site/login
---
2014/05/20 06:08:51 [error] [exception.CException] exception 'CException' with message 'User and its behaviors do not have a method or closure named "search".' in D:\Public_html\yii-1.1.14\framework\base\CComponent.php:266
Stack trace:
#0 D:\Public_html\yii-1.1.14\framework\db\ar\CActiveRecord.php(227): CComponent->__call('search', Array)
#1 D:\Public_html\yiiroot\protected\views\user\admin.php(46): CActiveRecord->__call('search', Array)
#2 D:\Public_html\yiiroot\protected\views\user\admin.php(46): User->search()
#3 D:\Public_html\yii-1.1.14\framework\web\CBaseController.php(126): require('D:\Public_html\...')
#4 D:\Public_html\yii-1.1.14\framework\web\CBaseController.php(95): CBaseController->renderInternal('D:\Public_html\...', Array, true)
#5 D:\Public_html\yii-1.1.14\framework\web\CController.php(869): CBaseController->renderFile('D:\Public_html\...', Array, true)
#6 D:\Public_html\yii-1.1.14\framework\web\CController.php(782): CController->renderPartial('admin', Array, true)
#7 D:\Public_html\yiiroot\protected\controllers\UserController.php(143): CController->render('admin', Array)
#8 D:\Public_html\yii-1.1.14\framework\web\actions\CInlineAction.php(49): UserController->actionAdmin()
#9 D:\Public_html\yii-1.1.14\framework\web\CController.php(308): CInlineAction->runWithParams(Array)
#10 D:\Public_html\yii-1.1.14\framework\web\filters\CFilterChain.php(133): CController->runAction(Object(CInlineAction))
#11 D:\Public_html\yii-1.1.14\framework\web\filters\CFilter.php(40): CFilterChain->run()
#12 D:\Public_html\yii-1.1.14\framework\web\CController.php(1145): CFilter->filter(Object(CFilterChain))
#13 D:\Public_html\yii-1.1.14\framework\web\filters\CInlineFilter.php(58): CController->filterAccessControl(Object(CFilterChain))
#14 D:\Public_html\yii-1.1.14\framework\web\filters\CFilterChain.php(130): CInlineFilter->filter(Object(CFilterChain))
#15 D:\Public_html\yii-1.1.14\framework\web\CController.php(291): CFilterChain->run()
#16 D:\Public_html\yii-1.1.14\framework\web\CController.php(265): CController->runActionWithFilters(Object(CInlineAction), Array)
#17 D:\Public_html\yii-1.1.14\framework\web\CWebApplication.php(282): CController->run('admin')
#18 D:\Public_html\yii-1.1.14\framework\web\CWebApplication.php(141): CWebApplication->runController('user/admin')
#19 D:\Public_html\yii-1.1.14\framework\base\CApplication.php(180): CWebApplication->processRequest()
#20 D:\Public_html\yiiroot\index.php(13): CApplication->run()
#21 {main}
REQUEST_URI=/yiiroot/index.php/user/admin
HTTP_REFERER=http://localhost/yiiroot/index.php/site/login
---
2014/06/07 04:45:17 [error] [exception.CHttpException.404] exception 'CHttpException' with message 'The system is unable to find the requested action "index".' in D:\Public_html\yii-1.1.14\framework\web\CController.php:483
Stack trace:
#0 D:\Public_html\yii-1.1.14\framework\web\CController.php(270): CController->missingAction('')
#1 D:\Public_html\yii-1.1.14\framework\web\CWebApplication.php(282): CController->run('')
#2 D:\Public_html\yii-1.1.14\framework\web\CWebApplication.php(141): CWebApplication->runController('')
#3 D:\Public_html\yii-1.1.14\framework\base\CApplication.php(180): CWebApplication->processRequest()
#4 D:\Public_html\yiiroot\index.php(13): CApplication->run()
#5 {main}
REQUEST_URI=/yiiroot/index.php/user/registration
HTTP_REFERER=http://localhost/yiiroot/index.php/user/login
---
2014/06/07 04:46:03 [error] [exception.CHttpException.404] exception 'CHttpException' with message 'The system is unable to find the requested action "index".' in D:\Public_html\yii-1.1.14\framework\web\CController.php:483
Stack trace:
#0 D:\Public_html\yii-1.1.14\framework\web\CController.php(270): CController->missingAction('')
#1 D:\Public_html\yii-1.1.14\framework\web\CWebApplication.php(282): CController->run('')
#2 D:\Public_html\yii-1.1.14\framework\web\CWebApplication.php(141): CWebApplication->runController('')
#3 D:\Public_html\yii-1.1.14\framework\base\CApplication.php(180): CWebApplication->processRequest()
#4 D:\Public_html\yiiroot\index.php(13): CApplication->run()
#5 {main}
REQUEST_URI=/yiiroot/index.php
HTTP_REFERER=http://localhost/yiiroot/index.php?r=user/login
---
2014/06/07 04:46:29 [error] [exception.CHttpException.404] exception 'CHttpException' with message 'The system is unable to find the requested action "index".' in D:\Public_html\yii-1.1.14\framework\web\CController.php:483
Stack trace:
#0 D:\Public_html\yii-1.1.14\framework\web\CController.php(270): CController->missingAction('')
#1 D:\Public_html\yii-1.1.14\framework\web\CWebApplication.php(282): CController->run('')
#2 D:\Public_html\yii-1.1.14\framework\web\CWebApplication.php(141): CWebApplication->runController('')
#3 D:\Public_html\yii-1.1.14\framework\base\CApplication.php(180): CWebApplication->processRequest()
#4 D:\Public_html\yiiroot\index.php(13): CApplication->run()
#5 {main}
REQUEST_URI=/yiiroot/index.php
HTTP_REFERER=http://localhost/yiiroot/index.php?r=user/login
---
2014/06/07 04:49:03 [error] [exception.CHttpException.404] exception 'CHttpException' with message 'Unable to resolve the request "modules/user/login".' in D:\Public_html\yii-1.1.14\framework\web\CWebApplication.php:286
Stack trace:
#0 D:\Public_html\yii-1.1.14\framework\web\CWebApplication.php(141): CWebApplication->runController('modules/user/lo...')
#1 D:\Public_html\yii-1.1.14\framework\base\CApplication.php(180): CWebApplication->processRequest()
#2 D:\Public_html\yiiroot\index.php(13): CApplication->run()
#3 {main}
REQUEST_URI=/yiiroot/index.php/modules/user/login
---
2014/06/07 05:08:22 [error] [exception.CHttpException.404] exception 'CHttpException' with message 'Unable to resolve the request "user/site/contact".' in D:\Public_html\yii-1.1.14\framework\web\CWebApplication.php:286
Stack trace:
#0 D:\Public_html\yii-1.1.14\framework\web\CWebApplication.php(141): CWebApplication->runController('user/site/conta...')
#1 D:\Public_html\yii-1.1.14\framework\base\CApplication.php(180): CWebApplication->processRequest()
#2 D:\Public_html\yiiroot\index.php(13): CApplication->run()
#3 {main}
REQUEST_URI=/yiiroot/index.php/user/site/contact
HTTP_REFERER=http://localhost/yiiroot/index.php/user/login
---
2014/06/07 05:10:46 [error] [exception.CHttpException.404] exception 'CHttpException' with message 'Unable to resolve the request "user/site/contact".' in D:\Public_html\yii-1.1.14\framework\web\CWebApplication.php:286
Stack trace:
#0 D:\Public_html\yii-1.1.14\framework\web\CWebApplication.php(141): CWebApplication->runController('user/site/conta...')
#1 D:\Public_html\yii-1.1.14\framework\base\CApplication.php(180): CWebApplication->processRequest()
#2 D:\Public_html\yiiroot\index.php(13): CApplication->run()
#3 {main}
REQUEST_URI=/yiiroot/index.php/user/site/contact
HTTP_REFERER=http://localhost/yiiroot/index.php/user/profile
---
2014/06/07 05:11:05 [error] [exception.CHttpException.404] exception 'CHttpException' with message 'Unable to resolve the request "user/site/contact".' in D:\Public_html\yii-1.1.14\framework\web\CWebApplication.php:286
Stack trace:
#0 D:\Public_html\yii-1.1.14\framework\web\CWebApplication.php(141): CWebApplication->runController('user/site/conta...')
#1 D:\Public_html\yii-1.1.14\framework\base\CApplication.php(180): CWebApplication->processRequest()
#2 D:\Public_html\yiiroot\index.php(13): CApplication->run()
#3 {main}
REQUEST_URI=/yiiroot/index.php/user/site/contact
HTTP_REFERER=http://localhost/yiiroot/index.php/user/profile
---
2014/06/07 05:11:09 [error] [exception.CHttpException.404] exception 'CHttpException' with message 'Unable to resolve the request "user/post/index".' in D:\Public_html\yii-1.1.14\framework\web\CWebApplication.php:286
Stack trace:
#0 D:\Public_html\yii-1.1.14\framework\web\CWebApplication.php(141): CWebApplication->runController('user/post/index')
#1 D:\Public_html\yii-1.1.14\framework\base\CApplication.php(180): CWebApplication->processRequest()
#2 D:\Public_html\yiiroot\index.php(13): CApplication->run()
#3 {main}
REQUEST_URI=/yiiroot/index.php/user/post/index
HTTP_REFERER=http://localhost/yiiroot/index.php/user/profile
---
